Determining if the pthread_create exist failed with the following output:
Change Dir: /home/cku/Documents/git/cwkgtest/build/CMakeFiles/CMakeTmp

Run Build Command:"/usr/bin/make" "cmTC_48c11/fast"
/usr/bin/make -f CMakeFiles/cmTC_48c11.dir/build.make CMakeFiles/cmTC_48c11.dir/build
make[1]: Entering directory '/home/cku/Documents/git/cwkgtest/build/CMakeFiles/CMakeTmp'
Building C object CMakeFiles/cmTC_48c11.dir/CheckSymbolExists.c.o
/usr/bin/cc    -o CMakeFiles/cmTC_48c11.dir/CheckSymbolExists.c.o   -c /home/cku/Documents/git/cwkgtest/build/CMakeFiles/CMakeTmp/CheckSymbolExists.c
Linking C executable cmTC_48c11
/usr/bin/cmake -E cmake_link_script CMakeFiles/cmTC_48c11.dir/link.txt --verbose=1
/usr/bin/cc      -rdynamic CMakeFiles/cmTC_48c11.dir/CheckSymbolExists.c.o  -o cmTC_48c11 
CMakeFiles/cmTC_48c11.dir/CheckSymbolExists.c.o: In function `main':
CheckSymbolExists.c:(.text+0x1b): undefined reference to `pthread_create'
collect2: error: ld returned 1 exit status
CMakeFiles/cmTC_48c11.dir/build.make:97: recipe for target 'cmTC_48c11' failed
make[1]: *** [cmTC_48c11] Error 1
make[1]: Leaving directory '/home/cku/Documents/git/cwkgtest/build/CMakeFiles/CMakeTmp'
Makefile:126: recipe for target 'cmTC_48c11/fast' failed
make: *** [cmTC_48c11/fast] Error 2

File /home/cku/Documents/git/cwkgtest/build/CMakeFiles/CMakeTmp/CheckSymbolExists.c:
/* */
#include <pthread.h>

int main(int argc, char** argv)
{
  (void)argv;
#ifndef pthread_create
  return ((int*)(&pthread_create))[argc];
#else
  (void)argc;
  return 0;
#endif
}

Determining if the function pthread_create exists in the pthreads failed with the following output:
Change Dir: /home/cku/Documents/git/cwkgtest/build/CMakeFiles/CMakeTmp

Run Build Command:"/usr/bin/make" "cmTC_81f07/fast"
/usr/bin/make -f CMakeFiles/cmTC_81f07.dir/build.make CMakeFiles/cmTC_81f07.dir/build
make[1]: Entering directory '/home/cku/Documents/git/cwkgtest/build/CMakeFiles/CMakeTmp'
Building C object CMakeFiles/cmTC_81f07.dir/CheckFunctionExists.c.o
/usr/bin/cc   -DCHECK_FUNCTION_EXISTS=pthread_create   -o CMakeFiles/cmTC_81f07.dir/CheckFunctionExists.c.o   -c /usr/share/cmake-3.10/Modules/CheckFunctionExists.c
Linking C executable cmTC_81f07
/usr/bin/cmake -E cmake_link_script CMakeFiles/cmTC_81f07.dir/link.txt --verbose=1
/usr/bin/cc  -DCHECK_FUNCTION_EXISTS=pthread_create    -rdynamic CMakeFiles/cmTC_81f07.dir/CheckFunctionExists.c.o  -o cmTC_81f07 -lpthreads 
/usr/bin/ld: cannot find -lpthreads
collect2: error: ld returned 1 exit status
CMakeFiles/cmTC_81f07.dir/build.make:97: recipe for target 'cmTC_81f07' failed
make[1]: *** [cmTC_81f07] Error 1
make[1]: Leaving directory '/home/cku/Documents/git/cwkgtest/build/CMakeFiles/CMakeTmp'
Makefile:126: recipe for target 'cmTC_81f07/fast' failed
make: *** [cmTC_81f07/fast] Error 2


